{"C:\\Users\\USER2\\Desktop\\html-draft\\Node\\Backend\\Backend-express 4\\src\\index.ts": {"path":"C:\\Users\\USER2\\Desktop\\html-draft\\Node\\Backend\\Backend-express 4\\src\\index.ts","statementMap":{"0":{"start":{"line":1,"column":0},"end":{"line":1,"column":30}},"1":{"start":{"line":4,"column":0},"end":{"line":4,"column":37}},"2":{"start":{"line":6,"column":21},"end":{"line":6,"column":30}},"3":{"start":{"line":8,"column":0},"end":{"line":8,"column":24}},"4":{"start":{"line":9,"column":0},"end":{"line":9,"column":24}},"5":{"start":{"line":11,"column":0},"end":{"line":13,"column":3}},"6":{"start":{"line":12,"column":2},"end":{"line":12,"column":53}},"7":{"start":{"line":28,"column":0},"end":{"line":28,"column":19}}},"fnMap":{"0":{"name":"(anonymous_1)","decl":{"start":{"line":11,"column":18},"end":{"line":11,"column":19}},"loc":{"start":{"line":11,"column":50},"end":{"line":13,"column":1}}}},"branchMap":{},"s":{"0":1,"1":1,"2":1,"3":1,"4":1,"5":1,"6":1,"7":1},"f":{"0":1},"b":{}}
,"C:\\Users\\USER2\\Desktop\\html-draft\\Node\\Backend\\Backend-express 4\\src\\controllers\\blogController.ts": {"path":"C:\\Users\\USER2\\Desktop\\html-draft\\Node\\Backend\\Backend-express 4\\src\\controllers\\blogController.ts","statementMap":{"0":{"start":{"line":2,"column":0},"end":{"line":2,"column":34}},"1":{"start":{"line":4,"column":0},"end":{"line":4,"column":42}},"2":{"start":{"line":5,"column":0},"end":{"line":5,"column":51}},"3":{"start":{"line":6,"column":0},"end":{"line":6,"column":56}},"4":{"start":{"line":7,"column":0},"end":{"line":7,"column":62}},"5":{"start":{"line":8,"column":0},"end":{"line":8,"column":50}},"6":{"start":{"line":30,"column":4},"end":{"line":35,"column":5}},"7":{"start":{"line":31,"column":20},"end":{"line":31,"column":37}},"8":{"start":{"line":32,"column":6},"end":{"line":32,"column":69}},"9":{"start":{"line":34,"column":6},"end":{"line":34,"column":66}},"10":{"start":{"line":39,"column":4},"end":{"line":53,"column":5}},"11":{"start":{"line":40,"column":21},"end":{"line":40,"column":31}},"12":{"start":{"line":41,"column":19},"end":{"line":41,"column":42}},"13":{"start":{"line":42,"column":23},"end":{"line":42,"column":58}},"14":{"start":{"line":43,"column":24},"end":{"line":46,"column":8}},"15":{"start":{"line":47,"column":6},"end":{"line":49,"column":7}},"16":{"start":{"line":48,"column":8},"end":{"line":48,"column":67}},"17":{"start":{"line":50,"column":6},"end":{"line":50,"column":60}},"18":{"start":{"line":52,"column":6},"end":{"line":52,"column":66}},"19":{"start":{"line":57,"column":4},"end":{"line":83,"column":5}},"20":{"start":{"line":58,"column":18},"end":{"line":58,"column":22}},"21":{"start":{"line":60,"column":6},"end":{"line":63,"column":7}},"22":{"start":{"line":61,"column":23},"end":{"line":61,"column":70}},"23":{"start":{"line":62,"column":8},"end":{"line":62,"column":50}},"24":{"start":{"line":65,"column":33},"end":{"line":65,"column":41}},"25":{"start":{"line":66,"column":24},"end":{"line":66,"column":50}},"26":{"start":{"line":67,"column":6},"end":{"line":69,"column":7}},"27":{"start":{"line":68,"column":8},"end":{"line":68,"column":73}},"28":{"start":{"line":71,"column":19},"end":{"line":76,"column":8}},"29":{"start":{"line":78,"column":24},"end":{"line":78,"column":41}},"30":{"start":{"line":79,"column":6},"end":{"line":79,"column":82}},"31":{"start":{"line":82,"column":6},"end":{"line":82,"column":66}},"32":{"start":{"line":87,"column":4},"end":{"line":92,"column":5}},"33":{"start":{"line":88,"column":26},"end":{"line":88,"column":94}},"34":{"start":{"line":89,"column":6},"end":{"line":89,"column":58}},"35":{"start":{"line":91,"column":6},"end":{"line":91,"column":71}},"36":{"start":{"line":96,"column":4},"end":{"line":101,"column":5}},"37":{"start":{"line":97,"column":6},"end":{"line":97,"column":50}},"38":{"start":{"line":98,"column":6},"end":{"line":98,"column":44}},"39":{"start":{"line":100,"column":6},"end":{"line":100,"column":71}},"40":{"start":{"line":107,"column":21},"end":{"line":107,"column":49}},"41":{"start":{"line":108,"column":4},"end":{"line":133,"column":5}},"42":{"start":{"line":109,"column":39},"end":{"line":109,"column":47}},"43":{"start":{"line":110,"column":29},"end":{"line":110,"column":39}},"44":{"start":{"line":112,"column":24},"end":{"line":112,"column":53}},"45":{"start":{"line":113,"column":6},"end":{"line":115,"column":7}},"46":{"start":{"line":114,"column":8},"end":{"line":114,"column":73}},"47":{"start":{"line":117,"column":25},"end":{"line":123,"column":8}},"48":{"start":{"line":124,"column":27},"end":{"line":124,"column":50}},"49":{"start":{"line":125,"column":6},"end":{"line":129,"column":8}},"50":{"start":{"line":131,"column":27},"end":{"line":131,"column":42}},"51":{"start":{"line":132,"column":6},"end":{"line":132,"column":55}},"52":{"start":{"line":136,"column":21},"end":{"line":136,"column":49}},"53":{"start":{"line":137,"column":4},"end":{"line":149,"column":5}},"54":{"start":{"line":138,"column":29},"end":{"line":138,"column":39}},"55":{"start":{"line":139,"column":23},"end":{"line":139,"column":68}},"56":{"start":{"line":141,"column":6},"end":{"line":145,"column":8}},"57":{"start":{"line":147,"column":27},"end":{"line":147,"column":42}},"58":{"start":{"line":148,"column":6},"end":{"line":148,"column":55}},"59":{"start":{"line":152,"column":4},"end":{"line":170,"column":5}},"60":{"start":{"line":153,"column":32},"end":{"line":153,"column":42}},"61":{"start":{"line":154,"column":25},"end":{"line":154,"column":33}},"62":{"start":{"line":156,"column":6},"end":{"line":158,"column":7}},"63":{"start":{"line":157,"column":8},"end":{"line":157,"column":98}},"64":{"start":{"line":160,"column":29},"end":{"line":160,"column":99}},"65":{"start":{"line":162,"column":6},"end":{"line":164,"column":7}},"66":{"start":{"line":163,"column":8},"end":{"line":163,"column":69}},"67":{"start":{"line":166,"column":6},"end":{"line":166,"column":96}},"68":{"start":{"line":168,"column":6},"end":{"line":168,"column":27}},"69":{"start":{"line":169,"column":6},"end":{"line":169,"column":63}},"70":{"start":{"line":176,"column":4},"end":{"line":188,"column":5}},"71":{"start":{"line":177,"column":21},"end":{"line":177,"column":31}},"72":{"start":{"line":178,"column":19},"end":{"line":178,"column":42}},"73":{"start":{"line":179,"column":6},"end":{"line":181,"column":7}},"74":{"start":{"line":180,"column":8},"end":{"line":180,"column":67}},"75":{"start":{"line":182,"column":6},"end":{"line":182,"column":19}},"76":{"start":{"line":183,"column":6},"end":{"line":183,"column":24}},"77":{"start":{"line":184,"column":6},"end":{"line":184,"column":74}},"78":{"start":{"line":186,"column":6},"end":{"line":186,"column":27}},"79":{"start":{"line":187,"column":6},"end":{"line":187,"column":65}},"80":{"start":{"line":192,"column":4},"end":{"line":203,"column":5}},"81":{"start":{"line":193,"column":21},"end":{"line":193,"column":31}},"82":{"start":{"line":194,"column":19},"end":{"line":194,"column":42}},"83":{"start":{"line":195,"column":6},"end":{"line":197,"column":7}},"84":{"start":{"line":196,"column":8},"end":{"line":196,"column":67}},"85":{"start":{"line":198,"column":20},"end":{"line":198,"column":30}},"86":{"start":{"line":199,"column":6},"end":{"line":199,"column":71}},"87":{"start":{"line":201,"column":6},"end":{"line":201,"column":27}},"88":{"start":{"line":202,"column":6},"end":{"line":202,"column":65}},"89":{"start":{"line":209,"column":9},"end":{"line":209,"column":23}}},"fnMap":{"0":{"name":"(anonymous_8)","decl":{"start":{"line":29,"column":15},"end":{"line":29,"column":26}},"loc":{"start":{"line":29,"column":54},"end":{"line":36,"column":null}}},"1":{"name":"(anonymous_10)","decl":{"start":{"line":38,"column":15},"end":{"line":38,"column":26}},"loc":{"start":{"line":38,"column":54},"end":{"line":54,"column":null}}},"2":{"name":"(anonymous_12)","decl":{"start":{"line":56,"column":15},"end":{"line":56,"column":25}},"loc":{"start":{"line":56,"column":53},"end":{"line":84,"column":null}}},"3":{"name":"(anonymous_14)","decl":{"start":{"line":86,"column":15},"end":{"line":86,"column":25}},"loc":{"start":{"line":86,"column":53},"end":{"line":93,"column":null}}},"4":{"name":"(anonymous_16)","decl":{"start":{"line":95,"column":15},"end":{"line":95,"column":25}},"loc":{"start":{"line":95,"column":53},"end":{"line":102,"column":null}}},"5":{"name":"(anonymous_18)","decl":{"start":{"line":106,"column":15},"end":{"line":106,"column":28}},"loc":{"start":{"line":106,"column":64},"end":{"line":134,"column":null}}},"6":{"name":"(anonymous_20)","decl":{"start":{"line":135,"column":15},"end":{"line":135,"column":26}},"loc":{"start":{"line":135,"column":54},"end":{"line":150,"column":null}}},"7":{"name":"(anonymous_22)","decl":{"start":{"line":151,"column":15},"end":{"line":151,"column":32}},"loc":{"start":{"line":151,"column":60},"end":{"line":171,"column":4}}},"8":{"name":"(anonymous_24)","decl":{"start":{"line":175,"column":15},"end":{"line":175,"column":23}},"loc":{"start":{"line":175,"column":51},"end":{"line":189,"column":null}}},"9":{"name":"(anonymous_26)","decl":{"start":{"line":191,"column":15},"end":{"line":191,"column":23}},"loc":{"start":{"line":191,"column":51},"end":{"line":204,"column":null}}}},"branchMap":{"0":{"loc":{"start":{"line":47,"column":6},"end":{"line":49,"column":7}},"type":"if","locations":[{"start":{"line":47,"column":6},"end":{"line":49,"column":7}}]},"1":{"loc":{"start":{"line":60,"column":6},"end":{"line":63,"column":7}},"type":"if","locations":[{"start":{"line":60,"column":6},"end":{"line":63,"column":7}}]},"2":{"loc":{"start":{"line":62,"column":16},"end":{"line":62,"column":49}},"type":"cond-expr","locations":[{"start":{"line":62,"column":25},"end":{"line":62,"column":42}},{"start":{"line":62,"column":45},"end":{"line":62,"column":49}}]},"3":{"loc":{"start":{"line":67,"column":6},"end":{"line":69,"column":7}},"type":"if","locations":[{"start":{"line":67,"column":6},"end":{"line":69,"column":7}}]},"4":{"loc":{"start":{"line":113,"column":6},"end":{"line":115,"column":7}},"type":"if","locations":[{"start":{"line":113,"column":6},"end":{"line":115,"column":7}}]},"5":{"loc":{"start":{"line":156,"column":6},"end":{"line":158,"column":7}},"type":"if","locations":[{"start":{"line":156,"column":6},"end":{"line":158,"column":7}}]},"6":{"loc":{"start":{"line":162,"column":6},"end":{"line":164,"column":7}},"type":"if","locations":[{"start":{"line":162,"column":6},"end":{"line":164,"column":7}}]},"7":{"loc":{"start":{"line":179,"column":6},"end":{"line":181,"column":7}},"type":"if","locations":[{"start":{"line":179,"column":6},"end":{"line":181,"column":7}}]},"8":{"loc":{"start":{"line":195,"column":6},"end":{"line":197,"column":7}},"type":"if","locations":[{"start":{"line":195,"column":6},"end":{"line":197,"column":7}}]}},"s":{"0":1,"1":1,"2":1,"3":1,"4":1,"5":1,"6":1,"7":1,"8":1,"9":0,"10":3,"11":3,"12":3,"13":2,"14":2,"15":2,"16":1,"17":1,"18":1,"19":2,"20":2,"21":2,"22":0,"23":0,"24":2,"25":2,"26":2,"27":1,"28":1,"29":1,"30":1,"31":0,"32":1,"33":1,"34":1,"35":0,"36":1,"37":1,"38":1,"39":0,"40":2,"41":2,"42":2,"43":2,"44":2,"45":2,"46":1,"47":1,"48":1,"49":1,"50":0,"51":0,"52":1,"53":1,"54":1,"55":1,"56":1,"57":0,"58":0,"59":3,"60":3,"61":3,"62":3,"63":1,"64":2,"65":2,"66":1,"67":1,"68":0,"69":0,"70":2,"71":2,"72":2,"73":2,"74":1,"75":1,"76":1,"77":1,"78":0,"79":0,"80":2,"81":2,"82":2,"83":2,"84":1,"85":1,"86":1,"87":0,"88":0,"89":1},"f":{"0":1,"1":3,"2":2,"3":1,"4":1,"5":2,"6":1,"7":3,"8":2,"9":2},"b":{"0":[1],"1":[0],"2":[0,0],"3":[1],"4":[1],"5":[1],"6":[1],"7":[1],"8":[1]}}
,"C:\\Users\\USER2\\Desktop\\html-draft\\Node\\Backend\\Backend-express 4\\src\\controllers\\queriesController.ts": {"path":"C:\\Users\\USER2\\Desktop\\html-draft\\Node\\Backend\\Backend-express 4\\src\\controllers\\queriesController.ts","statementMap":{"0":{"start":{"line":2,"column":0},"end":{"line":2,"column":40}},"1":{"start":{"line":4,"column":0},"end":{"line":4,"column":60}},"2":{"start":{"line":8,"column":4},"end":{"line":13,"column":5}},"3":{"start":{"line":9,"column":22},"end":{"line":9,"column":42}},"4":{"start":{"line":10,"column":6},"end":{"line":10,"column":62}},"5":{"start":{"line":12,"column":6},"end":{"line":12,"column":66}},"6":{"start":{"line":17,"column":4},"end":{"line":26,"column":5}},"7":{"start":{"line":18,"column":21},"end":{"line":18,"column":31}},"8":{"start":{"line":19,"column":20},"end":{"line":19,"column":46}},"9":{"start":{"line":20,"column":6},"end":{"line":22,"column":7}},"10":{"start":{"line":21,"column":8},"end":{"line":21,"column":68}},"11":{"start":{"line":23,"column":6},"end":{"line":23,"column":56}},"12":{"start":{"line":25,"column":6},"end":{"line":25,"column":66}},"13":{"start":{"line":30,"column":4},"end":{"line":47,"column":5}},"14":{"start":{"line":31,"column":39},"end":{"line":31,"column":47}},"15":{"start":{"line":32,"column":24},"end":{"line":32,"column":51}},"16":{"start":{"line":33,"column":6},"end":{"line":35,"column":7}},"17":{"start":{"line":34,"column":8},"end":{"line":34,"column":73}},"18":{"start":{"line":37,"column":20},"end":{"line":42,"column":8}},"19":{"start":{"line":43,"column":25},"end":{"line":43,"column":43}},"20":{"start":{"line":44,"column":6},"end":{"line":44,"column":94}},"21":{"start":{"line":46,"column":6},"end":{"line":46,"column":66}},"22":{"start":{"line":50,"column":4},"end":{"line":55,"column":5}},"23":{"start":{"line":51,"column":6},"end":{"line":51,"column":53}},"24":{"start":{"line":52,"column":6},"end":{"line":52,"column":47}},"25":{"start":{"line":54,"column":6},"end":{"line":54,"column":73}},"26":{"start":{"line":60,"column":9},"end":{"line":60,"column":26}}},"fnMap":{"0":{"name":"(anonymous_8)","decl":{"start":{"line":7,"column":15},"end":{"line":7,"column":28}},"loc":{"start":{"line":7,"column":56},"end":{"line":14,"column":null}}},"1":{"name":"(anonymous_10)","decl":{"start":{"line":16,"column":15},"end":{"line":16,"column":27}},"loc":{"start":{"line":16,"column":55},"end":{"line":27,"column":null}}},"2":{"name":"(anonymous_12)","decl":{"start":{"line":29,"column":15},"end":{"line":29,"column":26}},"loc":{"start":{"line":29,"column":54},"end":{"line":48,"column":null}}},"3":{"name":"(anonymous_14)","decl":{"start":{"line":49,"column":15},"end":{"line":49,"column":26}},"loc":{"start":{"line":49,"column":54},"end":{"line":56,"column":null}}}},"branchMap":{"0":{"loc":{"start":{"line":20,"column":6},"end":{"line":22,"column":7}},"type":"if","locations":[{"start":{"line":20,"column":6},"end":{"line":22,"column":7}}]},"1":{"loc":{"start":{"line":33,"column":6},"end":{"line":35,"column":7}},"type":"if","locations":[{"start":{"line":33,"column":6},"end":{"line":35,"column":7}}]}},"s":{"0":1,"1":1,"2":1,"3":1,"4":1,"5":0,"6":2,"7":2,"8":2,"9":2,"10":1,"11":1,"12":0,"13":2,"14":2,"15":2,"16":2,"17":1,"18":1,"19":1,"20":1,"21":0,"22":0,"23":0,"24":0,"25":0,"26":1},"f":{"0":1,"1":2,"2":2,"3":0},"b":{"0":[1],"1":[1]}}
,"C:\\Users\\USER2\\Desktop\\html-draft\\Node\\Backend\\Backend-express 4\\src\\controllers\\usersController.ts": {"path":"C:\\Users\\USER2\\Desktop\\html-draft\\Node\\Backend\\Backend-express 4\\src\\controllers\\usersController.ts","statementMap":{"0":{"start":{"line":2,"column":0},"end":{"line":2,"column":28}},"1":{"start":{"line":3,"column":0},"end":{"line":3,"column":31}},"2":{"start":{"line":4,"column":0},"end":{"line":4,"column":35}},"3":{"start":{"line":6,"column":0},"end":{"line":6,"column":69}},"4":{"start":{"line":9,"column":18},"end":{"line":9,"column":84}},"5":{"start":{"line":11,"column":19},"end":{"line":41,"column":2}},"6":{"start":{"line":11,"column":57},"end":{"line":41,"column":2}},"7":{"start":{"line":12,"column":2},"end":{"line":40,"column":3}},"8":{"start":{"line":13,"column":48},"end":{"line":13,"column":56}},"9":{"start":{"line":15,"column":22},"end":{"line":15,"column":50}},"10":{"start":{"line":16,"column":4},"end":{"line":18,"column":5}},"11":{"start":{"line":17,"column":6},"end":{"line":17,"column":71}},"12":{"start":{"line":20,"column":25},"end":{"line":20,"column":80}},"13":{"start":{"line":21,"column":4},"end":{"line":23,"column":5}},"14":{"start":{"line":22,"column":6},"end":{"line":22,"column":70}},"15":{"start":{"line":25,"column":27},"end":{"line":25,"column":58}},"16":{"start":{"line":27,"column":20},"end":{"line":27,"column":82}},"17":{"start":{"line":28,"column":4},"end":{"line":28,"column":25}},"18":{"start":{"line":30,"column":18},"end":{"line":32,"column":6}},"19":{"start":{"line":34,"column":4},"end":{"line":36,"column":61}},"20":{"start":{"line":38,"column":4},"end":{"line":38,"column":49}},"21":{"start":{"line":39,"column":4},"end":{"line":39,"column":63}},"22":{"start":{"line":76,"column":9},"end":{"line":76,"column":19}},"23":{"start":{"line":43,"column":18},"end":{"line":73,"column":2}},"24":{"start":{"line":43,"column":56},"end":{"line":73,"column":2}},"25":{"start":{"line":44,"column":2},"end":{"line":72,"column":3}},"26":{"start":{"line":45,"column":35},"end":{"line":45,"column":43}},"27":{"start":{"line":47,"column":22},"end":{"line":47,"column":49}},"28":{"start":{"line":48,"column":4},"end":{"line":50,"column":5}},"29":{"start":{"line":49,"column":6},"end":{"line":49,"column":71}},"30":{"start":{"line":52,"column":17},"end":{"line":52,"column":82}},"31":{"start":{"line":53,"column":4},"end":{"line":55,"column":5}},"32":{"start":{"line":54,"column":6},"end":{"line":54,"column":65}},"33":{"start":{"line":57,"column":26},"end":{"line":57,"column":71}},"34":{"start":{"line":58,"column":4},"end":{"line":60,"column":5}},"35":{"start":{"line":59,"column":6},"end":{"line":59,"column":70}},"36":{"start":{"line":62,"column":18},"end":{"line":64,"column":6}},"37":{"start":{"line":66,"column":4},"end":{"line":68,"column":61}},"38":{"start":{"line":70,"column":4},"end":{"line":70,"column":46}},"39":{"start":{"line":71,"column":4},"end":{"line":71,"column":63}},"40":{"start":{"line":76,"column":21},"end":{"line":76,"column":30}}},"fnMap":{"0":{"name":"(anonymous_8)","decl":{"start":{"line":11,"column":19},"end":{"line":11,"column":26}},"loc":{"start":{"line":11,"column":57},"end":{"line":41,"column":2}}},"1":{"name":"(anonymous_9)","decl":{"start":{"line":11,"column":57},"end":{"line":11,"column":null}},"loc":{"start":{"line":11,"column":57},"end":{"line":41,"column":1}}},"2":{"name":"(anonymous_10)","decl":{"start":{"line":43,"column":18},"end":{"line":43,"column":25}},"loc":{"start":{"line":43,"column":56},"end":{"line":73,"column":2}}},"3":{"name":"(anonymous_11)","decl":{"start":{"line":43,"column":56},"end":{"line":43,"column":null}},"loc":{"start":{"line":43,"column":56},"end":{"line":73,"column":1}}}},"branchMap":{"0":{"loc":{"start":{"line":16,"column":4},"end":{"line":18,"column":5}},"type":"if","locations":[{"start":{"line":16,"column":4},"end":{"line":18,"column":5}}]},"1":{"loc":{"start":{"line":21,"column":4},"end":{"line":23,"column":5}},"type":"if","locations":[{"start":{"line":21,"column":4},"end":{"line":23,"column":5}}]},"2":{"loc":{"start":{"line":48,"column":4},"end":{"line":50,"column":5}},"type":"if","locations":[{"start":{"line":48,"column":4},"end":{"line":50,"column":5}}]},"3":{"loc":{"start":{"line":53,"column":4},"end":{"line":55,"column":5}},"type":"if","locations":[{"start":{"line":53,"column":4},"end":{"line":55,"column":5}}]},"4":{"loc":{"start":{"line":58,"column":4},"end":{"line":60,"column":5}},"type":"if","locations":[{"start":{"line":58,"column":4},"end":{"line":60,"column":5}}]}},"s":{"0":1,"1":1,"2":1,"3":1,"4":1,"5":1,"6":1,"7":1,"8":1,"9":1,"10":1,"11":0,"12":1,"13":1,"14":1,"15":0,"16":0,"17":0,"18":0,"19":0,"20":0,"21":0,"22":1,"23":1,"24":5,"25":5,"26":5,"27":5,"28":5,"29":1,"30":4,"31":3,"32":1,"33":2,"34":2,"35":0,"36":2,"37":2,"38":1,"39":1,"40":1},"f":{"0":1,"1":1,"2":5,"3":5},"b":{"0":[0],"1":[1],"2":[1],"3":[1],"4":[0]}}
,"C:\\Users\\USER2\\Desktop\\html-draft\\Node\\Backend\\Backend-express 4\\src\\middleware\\AuthUsers.ts": {"path":"C:\\Users\\USER2\\Desktop\\html-draft\\Node\\Backend\\Backend-express 4\\src\\middleware\\AuthUsers.ts","statementMap":{"0":{"start":{"line":1,"column":0},"end":{"line":1,"column":32}},"1":{"start":{"line":2,"column":0},"end":{"line":2,"column":67}},"2":{"start":{"line":5,"column":19},"end":{"line":8,"column":2}},"3":{"start":{"line":10,"column":0},"end":{"line":12,"column":4}},"4":{"start":{"line":11,"column":2},"end":{"line":11,"column":32}},"5":{"start":{"line":14,"column":13},"end":{"line":14,"column":81}},"6":{"start":{"line":16,"column":30},"end":{"line":24,"column":1}},"7":{"start":{"line":17,"column":15},"end":{"line":17,"column":32}},"8":{"start":{"line":19,"column":2},"end":{"line":21,"column":3}},"9":{"start":{"line":20,"column":4},"end":{"line":20,"column":68}},"10":{"start":{"line":23,"column":2},"end":{"line":23,"column":9}},"11":{"start":{"line":16,"column":13},"end":{"line":16,"column":30}}},"fnMap":{"0":{"name":"(anonymous_1)","decl":{"start":{"line":10,"column":41},"end":{"line":10,"column":42}},"loc":{"start":{"line":10,"column":69},"end":{"line":12,"column":1}}},"1":{"name":"(anonymous_2)","decl":{"start":{"line":16,"column":30},"end":{"line":16,"column":31}},"loc":{"start":{"line":16,"column":64},"end":{"line":24,"column":1}}}},"branchMap":{"0":{"loc":{"start":{"line":19,"column":2},"end":{"line":21,"column":3}},"type":"if","locations":[{"start":{"line":19,"column":2},"end":{"line":21,"column":3}}]}},"s":{"0":1,"1":1,"2":1,"3":1,"4":13,"5":1,"6":1,"7":11,"8":11,"9":1,"10":10,"11":1},"f":{"0":13,"1":11},"b":{"0":[1]}}
,"C:\\Users\\USER2\\Desktop\\html-draft\\Node\\Backend\\Backend-express 4\\src\\middleware\\cloudinary.ts": {"path":"C:\\Users\\USER2\\Desktop\\html-draft\\Node\\Backend\\Backend-express 4\\src\\middleware\\cloudinary.ts","statementMap":{"0":{"start":{"line":1,"column":0},"end":{"line":1,"column":44}},"1":{"start":{"line":3,"column":0},"end":{"line":7,"column":3}},"2":{"start":{"line":9,"column":0},"end":{"line":9,"column":26}}},"fnMap":{},"branchMap":{},"s":{"0":1,"1":1,"2":1},"f":{},"b":{}}
,"C:\\Users\\USER2\\Desktop\\html-draft\\Node\\Backend\\Backend-express 4\\src\\middleware\\multer.ts": {"path":"C:\\Users\\USER2\\Desktop\\html-draft\\Node\\Backend\\Backend-express 4\\src\\middleware\\multer.ts","statementMap":{"0":{"start":{"line":1,"column":0},"end":{"line":1,"column":28}},"1":{"start":{"line":2,"column":0},"end":{"line":2,"column":24}},"2":{"start":{"line":4,"column":16},"end":{"line":4,"column":38}},"3":{"start":{"line":6,"column":19},"end":{"line":15,"column":1}},"4":{"start":{"line":7,"column":20},"end":{"line":7,"column":65}},"5":{"start":{"line":9,"column":2},"end":{"line":12,"column":3}},"6":{"start":{"line":10,"column":4},"end":{"line":10,"column":39}},"7":{"start":{"line":11,"column":4},"end":{"line":11,"column":11}},"8":{"start":{"line":14,"column":2},"end":{"line":14,"column":17}},"9":{"start":{"line":17,"column":15},"end":{"line":20,"column":2}},"10":{"start":{"line":22,"column":0},"end":{"line":22,"column":22}}},"fnMap":{"0":{"name":"(anonymous_1)","decl":{"start":{"line":6,"column":19},"end":{"line":6,"column":20}},"loc":{"start":{"line":6,"column":108},"end":{"line":15,"column":1}}}},"branchMap":{"0":{"loc":{"start":{"line":9,"column":2},"end":{"line":12,"column":3}},"type":"if","locations":[{"start":{"line":9,"column":2},"end":{"line":12,"column":3}}]},"1":{"loc":{"start":{"line":9,"column":8},"end":{"line":9,"column":77}},"type":"binary-expr","locations":[{"start":{"line":9,"column":8},"end":{"line":9,"column":28}},{"start":{"line":9,"column":32},"end":{"line":9,"column":53}},{"start":{"line":9,"column":57},"end":{"line":9,"column":77}}]}},"s":{"0":1,"1":1,"2":1,"3":1,"4":0,"5":0,"6":0,"7":0,"8":0,"9":1,"10":1},"f":{"0":0},"b":{"0":[0],"1":[0,0,0]}}
,"C:\\Users\\USER2\\Desktop\\html-draft\\Node\\Backend\\Backend-express 4\\src\\models\\Blog.ts": {"path":"C:\\Users\\USER2\\Desktop\\html-draft\\Node\\Backend\\Backend-express 4\\src\\models\\Blog.ts","statementMap":{"0":{"start":{"line":1,"column":0},"end":{"line":1,"column":41}},"1":{"start":{"line":5,"column":13},"end":{"line":11,"column":2}},"2":{"start":{"line":13,"column":0},"end":{"line":13,"column":42}}},"fnMap":{},"branchMap":{},"s":{"0":1,"1":1,"2":1},"f":{},"b":{}}
,"C:\\Users\\USER2\\Desktop\\html-draft\\Node\\Backend\\Backend-express 4\\src\\models\\Queries.ts": {"path":"C:\\Users\\USER2\\Desktop\\html-draft\\Node\\Backend\\Backend-express 4\\src\\models\\Queries.ts","statementMap":{"0":{"start":{"line":1,"column":0},"end":{"line":1,"column":41}},"1":{"start":{"line":4,"column":22},"end":{"line":9,"column":2}},"2":{"start":{"line":11,"column":0},"end":{"line":11,"column":57}}},"fnMap":{},"branchMap":{},"s":{"0":1,"1":1,"2":1},"f":{},"b":{}}
,"C:\\Users\\USER2\\Desktop\\html-draft\\Node\\Backend\\Backend-express 4\\src\\models\\User.ts": {"path":"C:\\Users\\USER2\\Desktop\\html-draft\\Node\\Backend\\Backend-express 4\\src\\models\\User.ts","statementMap":{"0":{"start":{"line":1,"column":0},"end":{"line":1,"column":51}},"1":{"start":{"line":4,"column":19},"end":{"line":9,"column":2}},"2":{"start":{"line":11,"column":0},"end":{"line":11,"column":49}}},"fnMap":{},"branchMap":{},"s":{"0":1,"1":1,"2":1},"f":{},"b":{}}
,"C:\\Users\\USER2\\Desktop\\html-draft\\Node\\Backend\\Backend-express 4\\src\\models\\comments.ts": {"path":"C:\\Users\\USER2\\Desktop\\html-draft\\Node\\Backend\\Backend-express 4\\src\\models\\comments.ts","statementMap":{"0":{"start":{"line":1,"column":0},"end":{"line":1,"column":41}},"1":{"start":{"line":8,"column":22},"end":{"line":15,"column":2}},"2":{"start":{"line":17,"column":0},"end":{"line":17,"column":58}}},"fnMap":{},"branchMap":{},"s":{"0":1,"1":1,"2":1},"f":{},"b":{}}
,"C:\\Users\\USER2\\Desktop\\html-draft\\Node\\Backend\\Backend-express 4\\src\\routes\\routes.ts": {"path":"C:\\Users\\USER2\\Desktop\\html-draft\\Node\\Backend\\Backend-express 4\\src\\routes\\routes.ts","statementMap":{"0":{"start":{"line":1,"column":0},"end":{"line":1,"column":42}},"1":{"start":{"line":2,"column":0},"end":{"line":2,"column":63}},"2":{"start":{"line":3,"column":0},"end":{"line":3,"column":69}},"3":{"start":{"line":4,"column":0},"end":{"line":4,"column":42}},"4":{"start":{"line":5,"column":0},"end":{"line":5,"column":71}},"5":{"start":{"line":6,"column":0},"end":{"line":6,"column":73}},"6":{"start":{"line":8,"column":23},"end":{"line":8,"column":39}},"7":{"start":{"line":9,"column":23},"end":{"line":9,"column":43}},"8":{"start":{"line":10,"column":26},"end":{"line":10,"column":49}},"9":{"start":{"line":13,"column":0},"end":{"line":13,"column":50}},"10":{"start":{"line":14,"column":0},"end":{"line":14,"column":110}},"11":{"start":{"line":15,"column":0},"end":{"line":15,"column":53}},"12":{"start":{"line":16,"column":0},"end":{"line":16,"column":90}},"13":{"start":{"line":17,"column":0},"end":{"line":17,"column":91}},"14":{"start":{"line":20,"column":0},"end":{"line":20,"column":62}},"15":{"start":{"line":21,"column":0},"end":{"line":21,"column":84}},"16":{"start":{"line":22,"column":0},"end":{"line":22,"column":110}},"17":{"start":{"line":26,"column":0},"end":{"line":26,"column":56}},"18":{"start":{"line":27,"column":0},"end":{"line":27,"column":56}},"19":{"start":{"line":31,"column":0},"end":{"line":31,"column":92}},"20":{"start":{"line":32,"column":0},"end":{"line":32,"column":55}},"21":{"start":{"line":33,"column":0},"end":{"line":33,"column":95}},"22":{"start":{"line":34,"column":0},"end":{"line":34,"column":97}},"23":{"start":{"line":38,"column":0},"end":{"line":38,"column":35}},"24":{"start":{"line":39,"column":0},"end":{"line":39,"column":33}},"25":{"start":{"line":41,"column":0},"end":{"line":41,"column":22}}},"fnMap":{},"branchMap":{},"s":{"0":1,"1":1,"2":1,"3":1,"4":1,"5":1,"6":1,"7":1,"8":1,"9":1,"10":1,"11":1,"12":1,"13":1,"14":1,"15":1,"16":1,"17":1,"18":1,"19":1,"20":1,"21":1,"22":1,"23":1,"24":1,"25":1},"f":{},"b":{}}
,"C:\\Users\\USER2\\Desktop\\html-draft\\Node\\Backend\\Backend-express 4\\src\\utilities\\response.ts": {"path":"C:\\Users\\USER2\\Desktop\\html-draft\\Node\\Backend\\Backend-express 4\\src\\utilities\\response.ts","statementMap":{"0":{"start":{"line":13,"column":4},"end":{"line":13,"column":19}},"1":{"start":{"line":14,"column":4},"end":{"line":14,"column":19}},"2":{"start":{"line":21,"column":4},"end":{"line":25,"column":6}},"3":{"start":{"line":32,"column":4},"end":{"line":36,"column":6}},"4":{"start":{"line":40,"column":4},"end":{"line":40,"column":67}},"5":{"start":{"line":44,"column":0},"end":{"line":44,"column":30}}},"fnMap":{"0":{"name":"(anonymous_0)","decl":{"start":{"line":12,"column":2},"end":{"line":12,"column":14}},"loc":{"start":{"line":12,"column":41},"end":{"line":15,"column":3}}},"1":{"name":"(anonymous_1)","decl":{"start":{"line":16,"column":2},"end":{"line":16,"column":8}},"loc":{"start":{"line":19,"column":18},"end":{"line":26,"column":3}}},"2":{"name":"(anonymous_2)","decl":{"start":{"line":27,"column":2},"end":{"line":27,"column":8}},"loc":{"start":{"line":30,"column":18},"end":{"line":37,"column":3}}},"3":{"name":"(anonymous_3)","decl":{"start":{"line":39,"column":2},"end":{"line":39,"column":6}},"loc":{"start":{"line":39,"column":50},"end":{"line":41,"column":3}}}},"branchMap":{},"s":{"0":3,"1":3,"2":0,"3":0,"4":2,"5":1},"f":{"0":3,"1":0,"2":0,"3":2},"b":{}}
,"C:\\Users\\USER2\\Desktop\\html-draft\\Node\\Backend\\Backend-express 4\\src\\validations\\blogValidation.ts": {"path":"C:\\Users\\USER2\\Desktop\\html-draft\\Node\\Backend\\Backend-express 4\\src\\validations\\blogValidation.ts","statementMap":{"0":{"start":{"line":1,"column":0},"end":{"line":1,"column":22}},"1":{"start":{"line":3,"column":13},"end":{"line":6,"column":18}}},"fnMap":{},"branchMap":{},"s":{"0":1,"1":1},"f":{},"b":{}}
,"C:\\Users\\USER2\\Desktop\\html-draft\\Node\\Backend\\Backend-express 4\\src\\validations\\commentValidation.ts": {"path":"C:\\Users\\USER2\\Desktop\\html-draft\\Node\\Backend\\Backend-express 4\\src\\validations\\commentValidation.ts","statementMap":{"0":{"start":{"line":1,"column":0},"end":{"line":1,"column":22}},"1":{"start":{"line":3,"column":13},"end":{"line":8,"column":18}}},"fnMap":{},"branchMap":{},"s":{"0":1,"1":1},"f":{},"b":{}}
,"C:\\Users\\USER2\\Desktop\\html-draft\\Node\\Backend\\Backend-express 4\\src\\validations\\queriesValidation.ts": {"path":"C:\\Users\\USER2\\Desktop\\html-draft\\Node\\Backend\\Backend-express 4\\src\\validations\\queriesValidation.ts","statementMap":{"0":{"start":{"line":1,"column":0},"end":{"line":1,"column":22}},"1":{"start":{"line":3,"column":13},"end":{"line":7,"column":18}}},"fnMap":{},"branchMap":{},"s":{"0":1,"1":1},"f":{},"b":{}}
,"C:\\Users\\USER2\\Desktop\\html-draft\\Node\\Backend\\Backend-express 4\\src\\validations\\usersValidation.ts": {"path":"C:\\Users\\USER2\\Desktop\\html-draft\\Node\\Backend\\Backend-express 4\\src\\validations\\usersValidation.ts","statementMap":{"0":{"start":{"line":1,"column":0},"end":{"line":1,"column":22}},"1":{"start":{"line":3,"column":13},"end":{"line":8,"column":18}},"2":{"start":{"line":10,"column":13},"end":{"line":13,"column":18}}},"fnMap":{},"branchMap":{},"s":{"0":1,"1":1,"2":1},"f":{},"b":{}}
}
