TN:
SF:src\index.ts
FN:11,(anonymous_1)
FNF:1
FNH:1
FNDA:1,(anonymous_1)
DA:1,1
DA:4,1
DA:6,1
DA:8,1
DA:9,1
DA:11,1
DA:12,1
DA:28,1
LF:8
LH:8
BRF:0
BRH:0
end_of_record
TN:
SF:src\controllers\blogController.ts
FN:29,(anonymous_8)
FN:38,(anonymous_10)
FN:56,(anonymous_12)
FN:86,(anonymous_14)
FN:95,(anonymous_16)
FN:106,(anonymous_18)
FN:135,(anonymous_20)
FN:151,(anonymous_22)
FN:175,(anonymous_24)
FN:191,(anonymous_26)
FNF:10
FNH:10
FNDA:1,(anonymous_8)
FNDA:3,(anonymous_10)
FNDA:2,(anonymous_12)
FNDA:1,(anonymous_14)
FNDA:1,(anonymous_16)
FNDA:2,(anonymous_18)
FNDA:1,(anonymous_20)
FNDA:3,(anonymous_22)
FNDA:2,(anonymous_24)
FNDA:2,(anonymous_26)
DA:2,1
DA:4,1
DA:5,1
DA:6,1
DA:7,1
DA:8,1
DA:30,1
DA:31,1
DA:32,1
DA:34,0
DA:39,3
DA:40,3
DA:41,3
DA:42,2
DA:43,2
DA:47,2
DA:48,1
DA:50,1
DA:52,1
DA:57,2
DA:58,2
DA:60,2
DA:61,0
DA:62,0
DA:65,2
DA:66,2
DA:67,2
DA:68,1
DA:71,1
DA:78,1
DA:79,1
DA:82,0
DA:87,1
DA:88,1
DA:89,1
DA:91,0
DA:96,1
DA:97,1
DA:98,1
DA:100,0
DA:107,2
DA:108,2
DA:109,2
DA:110,2
DA:112,2
DA:113,2
DA:114,1
DA:117,1
DA:124,1
DA:125,1
DA:131,0
DA:132,0
DA:136,1
DA:137,1
DA:138,1
DA:139,1
DA:141,1
DA:147,0
DA:148,0
DA:152,3
DA:153,3
DA:154,3
DA:156,3
DA:157,1
DA:160,2
DA:162,2
DA:163,1
DA:166,1
DA:168,0
DA:169,0
DA:176,2
DA:177,2
DA:178,2
DA:179,2
DA:180,1
DA:182,1
DA:183,1
DA:184,1
DA:186,0
DA:187,0
DA:192,2
DA:193,2
DA:194,2
DA:195,2
DA:196,1
DA:198,1
DA:199,1
DA:201,0
DA:202,0
DA:209,1
LF:90
LH:74
BRDA:47,0,0,1
BRDA:60,1,0,0
BRDA:62,2,0,0
BRDA:62,2,1,0
BRDA:67,3,0,1
BRDA:113,4,0,1
BRDA:156,5,0,1
BRDA:162,6,0,1
BRDA:179,7,0,1
BRDA:195,8,0,1
BRF:10
BRH:7
end_of_record
TN:
SF:src\controllers\queriesController.ts
FN:7,(anonymous_8)
FN:16,(anonymous_10)
FN:29,(anonymous_12)
FN:49,(anonymous_14)
FNF:4
FNH:3
FNDA:1,(anonymous_8)
FNDA:2,(anonymous_10)
FNDA:2,(anonymous_12)
FNDA:0,(anonymous_14)
DA:2,1
DA:4,1
DA:8,1
DA:9,1
DA:10,1
DA:12,0
DA:17,2
DA:18,2
DA:19,2
DA:20,2
DA:21,1
DA:23,1
DA:25,0
DA:30,2
DA:31,2
DA:32,2
DA:33,2
DA:34,1
DA:37,1
DA:43,1
DA:44,1
DA:46,0
DA:50,0
DA:51,0
DA:52,0
DA:54,0
DA:60,1
LF:27
LH:20
BRDA:20,0,0,1
BRDA:33,1,0,1
BRF:2
BRH:2
end_of_record
TN:
SF:src\controllers\usersController.ts
FN:11,(anonymous_8)
FN:11,(anonymous_9)
FN:43,(anonymous_10)
FN:43,(anonymous_11)
FNF:4
FNH:4
FNDA:1,(anonymous_8)
FNDA:1,(anonymous_9)
FNDA:5,(anonymous_10)
FNDA:5,(anonymous_11)
DA:2,1
DA:3,1
DA:4,1
DA:6,1
DA:9,1
DA:11,1
DA:12,1
DA:13,1
DA:15,1
DA:16,1
DA:17,0
DA:20,1
DA:21,1
DA:22,1
DA:25,0
DA:27,0
DA:28,0
DA:30,0
DA:34,0
DA:38,0
DA:39,0
DA:43,5
DA:44,5
DA:45,5
DA:47,5
DA:48,5
DA:49,1
DA:52,4
DA:53,3
DA:54,1
DA:57,2
DA:58,2
DA:59,0
DA:62,2
DA:66,2
DA:70,1
DA:71,1
DA:76,1
LF:38
LH:29
BRDA:16,0,0,0
BRDA:21,1,0,1
BRDA:48,2,0,1
BRDA:53,3,0,1
BRDA:58,4,0,0
BRF:5
BRH:3
end_of_record
TN:
SF:src\middleware\AuthUsers.ts
FN:10,(anonymous_1)
FN:16,(anonymous_2)
FNF:2
FNH:2
FNDA:13,(anonymous_1)
FNDA:11,(anonymous_2)
DA:1,1
DA:2,1
DA:5,1
DA:10,1
DA:11,13
DA:14,1
DA:16,1
DA:17,11
DA:19,11
DA:20,1
DA:23,10
LF:11
LH:11
BRDA:19,0,0,1
BRF:1
BRH:1
end_of_record
TN:
SF:src\middleware\cloudinary.ts
FNF:0
FNH:0
DA:1,1
DA:3,1
DA:9,1
LF:3
LH:3
BRF:0
BRH:0
end_of_record
TN:
SF:src\middleware\multer.ts
FN:6,(anonymous_1)
FNF:1
FNH:0
FNDA:0,(anonymous_1)
DA:1,1
DA:2,1
DA:4,1
DA:6,1
DA:7,0
DA:9,0
DA:10,0
DA:11,0
DA:14,0
DA:17,1
DA:22,1
LF:11
LH:6
BRDA:9,0,0,0
BRDA:9,1,0,0
BRDA:9,1,1,0
BRDA:9,1,2,0
BRF:4
BRH:0
end_of_record
TN:
SF:src\models\Blog.ts
FNF:0
FNH:0
DA:1,1
DA:5,1
DA:13,1
LF:3
LH:3
BRF:0
BRH:0
end_of_record
TN:
SF:src\models\Queries.ts
FNF:0
FNH:0
DA:1,1
DA:4,1
DA:11,1
LF:3
LH:3
BRF:0
BRH:0
end_of_record
TN:
SF:src\models\User.ts
FNF:0
FNH:0
DA:1,1
DA:4,1
DA:11,1
LF:3
LH:3
BRF:0
BRH:0
end_of_record
TN:
SF:src\models\comments.ts
FNF:0
FNH:0
DA:1,1
DA:8,1
DA:17,1
LF:3
LH:3
BRF:0
BRH:0
end_of_record
TN:
SF:src\routes\routes.ts
FNF:0
FNH:0
DA:1,1
DA:2,1
DA:3,1
DA:4,1
DA:5,1
DA:6,1
DA:8,1
DA:9,1
DA:10,1
DA:13,1
DA:14,1
DA:15,1
DA:16,1
DA:17,1
DA:20,1
DA:21,1
DA:22,1
DA:26,1
DA:27,1
DA:31,1
DA:32,1
DA:33,1
DA:34,1
DA:38,1
DA:39,1
DA:41,1
LF:26
LH:26
BRF:0
BRH:0
end_of_record
TN:
SF:src\utilities\response.ts
FN:12,(anonymous_0)
FN:16,(anonymous_1)
FN:27,(anonymous_2)
FN:39,(anonymous_3)
FNF:4
FNH:2
FNDA:3,(anonymous_0)
FNDA:0,(anonymous_1)
FNDA:0,(anonymous_2)
FNDA:2,(anonymous_3)
DA:13,3
DA:14,3
DA:21,0
DA:32,0
DA:40,2
DA:44,1
LF:6
LH:4
BRF:0
BRH:0
end_of_record
TN:
SF:src\validations\blogValidation.ts
FNF:0
FNH:0
DA:1,1
DA:3,1
LF:2
LH:2
BRF:0
BRH:0
end_of_record
TN:
SF:src\validations\commentValidation.ts
FNF:0
FNH:0
DA:1,1
DA:3,1
LF:2
LH:2
BRF:0
BRH:0
end_of_record
TN:
SF:src\validations\queriesValidation.ts
FNF:0
FNH:0
DA:1,1
DA:3,1
LF:2
LH:2
BRF:0
BRH:0
end_of_record
TN:
SF:src\validations\usersValidation.ts
FNF:0
FNH:0
DA:1,1
DA:3,1
DA:10,1
LF:3
LH:3
BRF:0
BRH:0
end_of_record
